<?xml version="1.0" encoding="UTF-8"?>
<!-- Generated by org.testng.reporters.JUnitXMLReporter -->
<testsuite hostname="DESKTOP-LRPC74Q" ignored="0" name="Default test" tests="4" failures="0" timestamp="2021-03-02T19:32:53 IST" time="22.133" errors="0">
  <testcase name="serachProduct" time="5.473" classname="tests.SanityAddProductToCart"/>
  <testcase name="getIntoProduct" time="4.152" classname="tests.SanityAddProductToCart"/>
  <testcase name="editProduct" time="0.319" classname="tests.SanityAddProductToCart"/>
  <testcase name="addProductToCart" time="0.203" classname="tests.SanityAddProductToCart"/>
</testsuite> <!-- Default test -->
