<?xml version="1.0" encoding="UTF-8"?>
<testng-results skipped="0" failed="0" ignored="0" total="4" passed="4">
  <reporter-output>
  </reporter-output>
  <suite name="Default suite" duration-ms="22133" started-at="2021-03-02T19:32:31 IST" finished-at="2021-03-02T19:32:53 IST">
    <groups>
    </groups>
    <test name="Default test" duration-ms="22133" started-at="2021-03-02T19:32:31 IST" finished-at="2021-03-02T19:32:53 IST">
      <class name="tests.SanityAddProductToCart">
        <test-method status="PASS" signature="beforeClass()[pri:0, instance:tests.SanityAddProductToCart@3a5ed7a6]" name="beforeClass" is-config="true" duration-ms="8463" started-at="2021-03-02T19:32:31 IST" finished-at="2021-03-02T19:32:39 IST">
          <reporter-output>
          </reporter-output>
        </test-method> <!-- beforeClass -->
        <test-method status="PASS" signature="beforeMethod(java.lang.reflect.Method)[pri:0, instance:tests.SanityAddProductToCart@3a5ed7a6]" name="beforeMethod" is-config="true" duration-ms="7" started-at="2021-03-02T19:32:39 IST" finished-at="2021-03-02T19:32:39 IST">
          <params>
            <param index="0">
              <value>
                <![CDATA[public void tests.SanityAddProductToCart.serachProduct() throws java.lang.InterruptedException,java.io.IOException]]>
              </value>
            </param>
          </params>
          <reporter-output>
          </reporter-output>
        </test-method> <!-- beforeMethod -->
        <test-method status="PASS" signature="serachProduct()[pri:1, instance:tests.SanityAddProductToCart@3a5ed7a6]" name="serachProduct" duration-ms="5473" started-at="2021-03-02T19:32:39 IST" description="Search for specific product" finished-at="2021-03-02T19:32:45 IST">
          <reporter-output>
          </reporter-output>
        </test-method> <!-- serachProduct -->
        <test-method status="PASS" signature="afterMethod(org.testng.ITestResult)[pri:0, instance:tests.SanityAddProductToCart@3a5ed7a6]" name="afterMethod" is-config="true" duration-ms="554" started-at="2021-03-02T19:32:45 IST" finished-at="2021-03-02T19:32:45 IST">
          <params>
            <param index="0">
              <value>
                <![CDATA[[TestResult name=serachProduct status=SUCCESS method=SanityAddProductToCart.serachProduct()[pri:1, instance:tests.SanityAddProductToCart@3a5ed7a6] output={null}]]]>
              </value>
            </param>
          </params>
          <reporter-output>
          </reporter-output>
        </test-method> <!-- afterMethod -->
        <test-method status="PASS" signature="beforeMethod(java.lang.reflect.Method)[pri:0, instance:tests.SanityAddProductToCart@3a5ed7a6]" name="beforeMethod" is-config="true" duration-ms="1" started-at="2021-03-02T19:32:45 IST" finished-at="2021-03-02T19:32:45 IST">
          <params>
            <param index="0">
              <value>
                <![CDATA[public void tests.SanityAddProductToCart.getIntoProduct() throws java.lang.InterruptedException,java.io.IOException]]>
              </value>
            </param>
          </params>
          <reporter-output>
          </reporter-output>
        </test-method> <!-- beforeMethod -->
        <test-method status="PASS" signature="getIntoProduct()[pri:2, instance:tests.SanityAddProductToCart@3a5ed7a6]" name="getIntoProduct" duration-ms="4152" started-at="2021-03-02T19:32:45 IST" description="Click on specific product" finished-at="2021-03-02T19:32:49 IST">
          <reporter-output>
          </reporter-output>
        </test-method> <!-- getIntoProduct -->
        <test-method status="PASS" signature="afterMethod(org.testng.ITestResult)[pri:0, instance:tests.SanityAddProductToCart@3a5ed7a6]" name="afterMethod" is-config="true" duration-ms="470" started-at="2021-03-02T19:32:49 IST" finished-at="2021-03-02T19:32:50 IST">
          <params>
            <param index="0">
              <value>
                <![CDATA[[TestResult name=getIntoProduct status=SUCCESS method=SanityAddProductToCart.getIntoProduct()[pri:2, instance:tests.SanityAddProductToCart@3a5ed7a6] output={null}]]]>
              </value>
            </param>
          </params>
          <reporter-output>
          </reporter-output>
        </test-method> <!-- afterMethod -->
        <test-method status="PASS" signature="beforeMethod(java.lang.reflect.Method)[pri:0, instance:tests.SanityAddProductToCart@3a5ed7a6]" name="beforeMethod" is-config="true" duration-ms="0" started-at="2021-03-02T19:32:50 IST" finished-at="2021-03-02T19:32:50 IST">
          <params>
            <param index="0">
              <value>
                <![CDATA[public void tests.SanityAddProductToCart.editProduct() throws java.lang.InterruptedException,java.io.IOException]]>
              </value>
            </param>
          </params>
          <reporter-output>
          </reporter-output>
        </test-method> <!-- beforeMethod -->
        <test-method status="PASS" signature="editProduct()[pri:3, instance:tests.SanityAddProductToCart@3a5ed7a6]" name="editProduct" duration-ms="319" started-at="2021-03-02T19:32:50 IST" description="Click on product weight and add to cart" finished-at="2021-03-02T19:32:50 IST">
          <reporter-output>
          </reporter-output>
        </test-method> <!-- editProduct -->
        <test-method status="PASS" signature="afterMethod(org.testng.ITestResult)[pri:0, instance:tests.SanityAddProductToCart@3a5ed7a6]" name="afterMethod" is-config="true" duration-ms="489" started-at="2021-03-02T19:32:50 IST" finished-at="2021-03-02T19:32:51 IST">
          <params>
            <param index="0">
              <value>
                <![CDATA[[TestResult name=editProduct status=SUCCESS method=SanityAddProductToCart.editProduct()[pri:3, instance:tests.SanityAddProductToCart@3a5ed7a6] output={null}]]]>
              </value>
            </param>
          </params>
          <reporter-output>
          </reporter-output>
        </test-method> <!-- afterMethod -->
        <test-method status="PASS" signature="beforeMethod(java.lang.reflect.Method)[pri:0, instance:tests.SanityAddProductToCart@3a5ed7a6]" name="beforeMethod" is-config="true" duration-ms="0" started-at="2021-03-02T19:32:51 IST" finished-at="2021-03-02T19:32:51 IST">
          <params>
            <param index="0">
              <value>
                <![CDATA[public void tests.SanityAddProductToCart.addProductToCart() throws java.lang.InterruptedException,java.io.IOException]]>
              </value>
            </param>
          </params>
          <reporter-output>
          </reporter-output>
        </test-method> <!-- beforeMethod -->
        <test-method status="PASS" signature="addProductToCart()[pri:4, instance:tests.SanityAddProductToCart@3a5ed7a6]" name="addProductToCart" duration-ms="203" started-at="2021-03-02T19:32:51 IST" description="Add item to cart" finished-at="2021-03-02T19:32:51 IST">
          <reporter-output>
          </reporter-output>
        </test-method> <!-- addProductToCart -->
        <test-method status="PASS" signature="afterMethod(org.testng.ITestResult)[pri:0, instance:tests.SanityAddProductToCart@3a5ed7a6]" name="afterMethod" is-config="true" duration-ms="521" started-at="2021-03-02T19:32:51 IST" finished-at="2021-03-02T19:32:51 IST">
          <params>
            <param index="0">
              <value>
                <![CDATA[[TestResult name=addProductToCart status=SUCCESS method=SanityAddProductToCart.addProductToCart()[pri:4, instance:tests.SanityAddProductToCart@3a5ed7a6] output={null}]]]>
              </value>
            </param>
          </params>
          <reporter-output>
          </reporter-output>
        </test-method> <!-- afterMethod -->
        <test-method status="PASS" signature="afterClass()[pri:0, instance:tests.SanityAddProductToCart@3a5ed7a6]" name="afterClass" is-config="true" duration-ms="1419" started-at="2021-03-02T19:32:51 IST" finished-at="2021-03-02T19:32:53 IST">
          <reporter-output>
          </reporter-output>
        </test-method> <!-- afterClass -->
      </class> <!-- tests.SanityAddProductToCart -->
    </test> <!-- Default test -->
  </suite> <!-- Default suite -->
</testng-results>
